<?xml version="1.0" encoding="UTF-8"?>
<!-- Generated by org.testng.reporters.JUnitReportReporter -->
<testsuite hostname="IN5CD6391VWF" name="testrun.testRunner" tests="1" failures="0" timestamp="27 May 2019 11:03:40 GMT" time="16.420" errors="0">
  <testcase name="feature" time="16.420" classname="testrun.testRunner"/>
</testsuite> <!-- testrun.testRunner -->
