<?xml version="1.0" encoding="UTF-8"?>
<!-- Generated by org.testng.reporters.JUnitReportReporter -->
<testsuite hostname="IN5CD6391VWF" name="testrun.testRunner" tests="1" failures="0" timestamp="23 May 2019 05:43:13 GMT" time="11.546" errors="0">
  <testcase name="feature" time="11.546" classname="testrun.testRunner"/>
</testsuite> <!-- testrun.testRunner -->
